# JRE version: Java(TM) SE Runtime Environment (14.0.2+12) (build 14.0.2+12-46)
# Java VM: Java HotSpot(TM) 64-Bit Server VM (14.0.2+12-46, mixed mode, sharing, tiered, compressed oops, g1 gc, windows-amd64)
Heap:
 garbage-first heap   total 263168K, used 79788K [0x00000000c0000000, 0x0000000100000000)
  region size 1024K, 2 young (2048K), 0 survivors (0K)
 Metaspace       used 10917K, capacity 12692K, committed 12800K, reserved 1060864K
  class space    used 1679K, capacity 2000K, committed 2048K, reserved 1048576K
GC Heap History (20 events):
Event: 51.953 GC heap before
{Heap before GC invocations=250 (full 31):
 garbage-first heap   total 263168K, used 78764K [0x00000000c0000000, 0x0000000100000000)
  region size 1024K, 1 young (1024K), 0 survivors (0K)
 Metaspace       used 10911K, capacity 12692K, committed 12800K, reserved 1060864K
  class space    used 1677K, capacity 2000K, committed 2048K, reserved 1048576K
}
Event: 52.001 GC heap after
{Heap after GC invocations=251 (full 32):
 garbage-first heap   total 263168K, used 78764K [0x00000000c0000000, 0x0000000100000000)
  region size 1024K, 0 young (0K), 0 survivors (0K)
 Metaspace       used 10911K, capacity 12692K, committed 12800K, reserved 1060864K
  class space    used 1677K, capacity 2000K, committed 2048K, reserved 1048576K
}
Event: 52.070 GC heap before
{Heap before GC invocations=251 (full 32):
 garbage-first heap   total 263168K, used 78764K [0x00000000c0000000, 0x0000000100000000)
  region size 1024K, 1 young (1024K), 0 survivors (0K)
 Metaspace       used 10911K, capacity 12692K, committed 12800K, reserved 1060864K
  class space    used 1677K, capacity 2000K, committed 2048K, reserved 1048576K
}
Event: 52.115 GC heap after
{Heap after GC invocations=252 (full 33):
 garbage-first heap   total 263168K, used 78764K [0x00000000c0000000, 0x0000000100000000)
  region size 1024K, 0 young (0K), 0 survivors (0K)
 Metaspace       used 10911K, capacity 12692K, committed 12800K, reserved 1060864K
  class space    used 1677K, capacity 2000K, committed 2048K, reserved 1048576K
}
Event: 52.181 GC heap before
{Heap before GC invocations=252 (full 33):
 garbage-first heap   total 263168K, used 78764K [0x00000000c0000000, 0x0000000100000000)
  region size 1024K, 1 young (1024K), 0 survivors (0K)
 Metaspace       used 10911K, capacity 12692K, committed 12800K, reserved 1060864K
  class space    used 1677K, capacity 2000K, committed 2048K, reserved 1048576K
}
Event: 52.227 GC heap after
{Heap after GC invocations=253 (full 34):
 garbage-first heap   total 263168K, used 78764K [0x00000000c0000000, 0x0000000100000000)
  region size 1024K, 0 young (0K), 0 survivors (0K)
 Metaspace       used 10911K, capacity 12692K, committed 12800K, reserved 1060864K
  class space    used 1677K, capacity 2000K, committed 2048K, reserved 1048576K
}
Event: 52.292 GC heap before
{Heap before GC invocations=253 (full 34):
 garbage-first heap   total 263168K, used 78764K [0x00000000c0000000, 0x0000000100000000)
  region size 1024K, 1 young (1024K), 0 survivors (0K)
 Metaspace       used 10911K, capacity 12692K, committed 12800K, reserved 1060864K
  class space    used 1677K, capacity 2000K, committed 2048K, reserved 1048576K
}
Event: 52.342 GC heap after
{Heap after GC invocations=254 (full 35):
 garbage-first heap   total 263168K, used 78764K [0x00000000c0000000, 0x0000000100000000)
  region size 1024K, 0 young (0K), 0 survivors (0K)
 Metaspace       used 10911K, capacity 12692K, committed 12800K, reserved 1060864K
  class space    used 1677K, capacity 2000K, committed 2048K, reserved 1048576K
}
Event: 52.408 GC heap before
{Heap before GC invocations=254 (full 35):
 garbage-first heap   total 263168K, used 78764K [0x00000000c0000000, 0x0000000100000000)
  region size 1024K, 1 young (1024K), 0 survivors (0K)
 Metaspace       used 10911K, capacity 12692K, committed 12800K, reserved 1060864K
  class space    used 1677K, capacity 2000K, committed 2048K, reserved 1048576K
}
Event: 52.460 GC heap after
{Heap after GC invocations=255 (full 36):
 garbage-first heap   total 263168K, used 78764K [0x00000000c0000000, 0x0000000100000000)
  region size 1024K, 0 young (0K), 0 survivors (0K)
 Metaspace       used 10911K, capacity 12692K, committed 12800K, reserved 1060864K
  class space    used 1677K, capacity 2000K, committed 2048K, reserved 1048576K
}
Event: 52.522 GC heap before
{Heap before GC invocations=255 (full 36):
 garbage-first heap   total 263168K, used 78764K [0x00000000c0000000, 0x0000000100000000)
  region size 1024K, 1 young (1024K), 0 survivors (0K)
 Metaspace       used 10911K, capacity 12692K, committed 12800K, reserved 1060864K
  class space    used 1677K, capacity 2000K, committed 2048K, reserved 1048576K
}
Event: 52.572 GC heap after
{Heap after GC invocations=256 (full 37):
 garbage-first heap   total 263168K, used 78764K [0x00000000c0000000, 0x0000000100000000)
  region size 1024K, 0 young (0K), 0 survivors (0K)
 Metaspace       used 10911K, capacity 12692K, committed 12800K, reserved 1060864K
  class space    used 1677K, capacity 2000K, committed 2048K, reserved 1048576K
}
Event: 52.892 GC heap before
{Heap before GC invocations=256 (full 37):
 garbage-first heap   total 263168K, used 78764K [0x00000000c0000000, 0x0000000100000000)
  region size 1024K, 1 young (1024K), 0 survivors (0K)
 Metaspace       used 10911K, capacity 12692K, committed 12800K, reserved 1060864K
  class space    used 1677K, capacity 2000K, committed 2048K, reserved 1048576K
}
Event: 52.941 GC heap after
{Heap after GC invocations=257 (full 38):
 garbage-first heap   total 263168K, used 78764K [0x00000000c0000000, 0x0000000100000000)
  region size 1024K, 0 young (0K), 0 survivors (0K)
 Metaspace       used 10911K, capacity 12692K, committed 12800K, reserved 1060864K
  class space    used 1677K, capacity 2000K, committed 2048K, reserved 1048576K
}
Event: 53.052 GC heap before
{Heap before GC invocations=257 (full 38):
 garbage-first heap   total 263168K, used 78764K [0x00000000c0000000, 0x0000000100000000)
  region size 1024K, 1 young (1024K), 0 survivors (0K)
 Metaspace       used 10911K, capacity 12692K, committed 12800K, reserved 1060864K
  class space    used 1677K, capacity 2000K, committed 2048K, reserved 1048576K
}
Event: 53.090 GC heap after
{Heap after GC invocations=258 (full 39):
 garbage-first heap   total 263168K, used 78764K [0x00000000c0000000, 0x0000000100000000)
  region size 1024K, 0 young (0K), 0 survivors (0K)
 Metaspace       used 10911K, capacity 12692K, committed 12800K, reserved 1060864K
  class space    used 1677K, capacity 2000K, committed 2048K, reserved 1048576K
}
Event: 53.296 GC heap before
{Heap before GC invocations=258 (full 39):
 garbage-first heap   total 263168K, used 78764K [0x00000000c0000000, 0x0000000100000000)
  region size 1024K, 1 young (1024K), 0 survivors (0K)
 Metaspace       used 10911K, capacity 12692K, committed 12800K, reserved 1060864K
  class space    used 1677K, capacity 2000K, committed 2048K, reserved 1048576K
}
Event: 53.341 GC heap after
{Heap after GC invocations=259 (full 40):
 garbage-first heap   total 263168K, used 78764K [0x00000000c0000000, 0x0000000100000000)
  region size 1024K, 0 young (0K), 0 survivors (0K)
 Metaspace       used 10911K, capacity 12692K, committed 12800K, reserved 1060864K
  class space    used 1677K, capacity 2000K, committed 2048K, reserved 1048576K
}
Event: 53.472 GC heap before
{Heap before GC invocations=259 (full 40):
 garbage-first heap   total 263168K, used 78764K [0x00000000c0000000, 0x0000000100000000)
  region size 1024K, 1 young (1024K), 0 survivors (0K)
 Metaspace       used 10911K, capacity 12692K, committed 12800K, reserved 1060864K
  class space    used 1677K, capacity 2000K, committed 2048K, reserved 1048576K
}
Event: 53.510 GC heap after
{Heap after GC invocations=260 (full 41):
 garbage-first heap   total 263168K, used 78764K [0x00000000c0000000, 0x0000000100000000)
  region size 1024K, 0 young (0K), 0 survivors (0K)
 Metaspace       used 10911K, capacity 12692K, committed 12800K, reserved 1060864K
  class space    used 1677K, capacity 2000K, committed 2048K, reserved 1048576K
}

