# JRE version: Java(TM) SE Runtime Environment (14.0.2+12) (build 14.0.2+12-46)
# Java VM: Java HotSpot(TM) 64-Bit Server VM (14.0.2+12-46, mixed mode, sharing, tiered, compressed oops, g1 gc, windows-amd64)
Heap:
 garbage-first heap   total 138240K, used 29832K [0x00000000c0000000, 0x0000000100000000)
  region size 1024K, 28 young (28672K), 1 survivors (1024K)
 Metaspace       used 2468K, capacity 4925K, committed 5120K, reserved 1056768K
  class space    used 220K, capacity 464K, committed 512K, reserved 1048576K
GC Heap History (12 events):
Event: 0.206 GC heap before
{Heap before GC invocations=0 (full 0):
 garbage-first heap   total 262144K, used 3072K [0x00000000c0000000, 0x0000000100000000)
  region size 1024K, 4 young (4096K), 0 survivors (0K)
 Metaspace       used 1240K, capacity 4707K, committed 4864K, reserved 1056768K
  class space    used 122K, capacity 440K, committed 512K, reserved 1048576K
}
Event: 0.211 GC heap after
{Heap after GC invocations=1 (full 1):
 garbage-first heap   total 14336K, used 1406K [0x00000000c0000000, 0x0000000100000000)
  region size 1024K, 0 young (0K), 0 survivors (0K)
 Metaspace       used 1240K, capacity 4707K, committed 4864K, reserved 1056768K
  class space    used 122K, capacity 440K, committed 512K, reserved 1048576K
}
Event: 0.370 GC heap before
{Heap before GC invocations=1 (full 1):
 garbage-first heap   total 14336K, used 4478K [0x00000000c0000000, 0x0000000100000000)
  region size 1024K, 3 young (3072K), 0 survivors (0K)
 Metaspace       used 2134K, capacity 4847K, committed 5120K, reserved 1056768K
  class space    used 199K, capacity 462K, committed 512K, reserved 1048576K
}
Event: 0.371 GC heap after
{Heap after GC invocations=2 (full 1):
 garbage-first heap   total 14336K, used 2021K [0x00000000c0000000, 0x0000000100000000)
  region size 1024K, 1 young (1024K), 1 survivors (1024K)
 Metaspace       used 2134K, capacity 4847K, committed 5120K, reserved 1056768K
  class space    used 199K, capacity 462K, committed 512K, reserved 1048576K
}
Event: 0.390 GC heap before
{Heap before GC invocations=2 (full 1):
 garbage-first heap   total 14336K, used 5093K [0x00000000c0000000, 0x0000000100000000)
  region size 1024K, 4 young (4096K), 1 survivors (1024K)
 Metaspace       used 2189K, capacity 4850K, committed 5120K, reserved 1056768K
  class space    used 199K, capacity 462K, committed 512K, reserved 1048576K
}
Event: 0.393 GC heap after
{Heap after GC invocations=3 (full 1):
 garbage-first heap   total 14336K, used 2357K [0x00000000c0000000, 0x0000000100000000)
  region size 1024K, 1 young (1024K), 1 survivors (1024K)
 Metaspace       used 2189K, capacity 4850K, committed 5120K, reserved 1056768K
  class space    used 199K, capacity 462K, committed 512K, reserved 1048576K
}
Event: 0.409 GC heap before
{Heap before GC invocations=3 (full 1):
 garbage-first heap   total 14336K, used 5429K [0x00000000c0000000, 0x0000000100000000)
  region size 1024K, 4 young (4096K), 1 survivors (1024K)
 Metaspace       used 2196K, capacity 4850K, committed 5120K, reserved 1056768K
  class space    used 199K, capacity 462K, committed 512K, reserved 1048576K
}
Event: 0.410 GC heap after
{Heap after GC invocations=4 (full 1):
 garbage-first heap   total 14336K, used 2573K [0x00000000c0000000, 0x0000000100000000)
  region size 1024K, 1 young (1024K), 1 survivors (1024K)
 Metaspace       used 2196K, capacity 4850K, committed 5120K, reserved 1056768K
  class space    used 199K, capacity 462K, committed 512K, reserved 1048576K
}
Event: 0.421 GC heap before
{Heap before GC invocations=4 (full 1):
 garbage-first heap   total 14336K, used 5645K [0x00000000c0000000, 0x0000000100000000)
  region size 1024K, 4 young (4096K), 1 survivors (1024K)
 Metaspace       used 2199K, capacity 4850K, committed 5120K, reserved 1056768K
  class space    used 199K, capacity 462K, committed 512K, reserved 1048576K
}
Event: 0.423 GC heap after
{Heap after GC invocations=5 (full 1):
 garbage-first heap   total 14336K, used 2839K [0x00000000c0000000, 0x0000000100000000)
  region size 1024K, 1 young (1024K), 1 survivors (1024K)
 Metaspace       used 2199K, capacity 4850K, committed 5120K, reserved 1056768K
  class space    used 199K, capacity 462K, committed 512K, reserved 1048576K
}
Event: 0.440 GC heap before
{Heap before GC invocations=5 (full 1):
 garbage-first heap   total 14336K, used 6935K [0x00000000c0000000, 0x0000000100000000)
  region size 1024K, 5 young (5120K), 1 survivors (1024K)
 Metaspace       used 2203K, capacity 4850K, committed 5120K, reserved 1056768K
  class space    used 199K, capacity 462K, committed 512K, reserved 1048576K
}
Event: 0.444 GC heap after
{Heap after GC invocations=6 (full 1):
 garbage-first heap   total 138240K, used 3208K [0x00000000c0000000, 0x0000000100000000)
  region size 1024K, 1 young (1024K), 1 survivors (1024K)
 Metaspace       used 2203K, capacity 4850K, committed 5120K, reserved 1056768K
  class space    used 199K, capacity 462K, committed 512K, reserved 1048576K
}

